2026-05-04 21:32:07,196 INFO o.a.j.u.JMeterUtils: Setting Locale to en_EN
2026-05-04 21:32:07,219 INFO o.a.j.JMeter: Loading user properties from: C:\Users\satap\OneDrive\Desktop\apache-jmeter-5.6.3\bin\user.properties
2026-05-04 21:32:07,222 INFO o.a.j.JMeter: Loading system properties from: C:\Users\satap\OneDrive\Desktop\apache-jmeter-5.6.3\bin\system.properties
2026-05-04 21:32:07,234 INFO o.a.j.JMeter: Copyright (c) 1998-2024 The Apache Software Foundation
2026-05-04 21:32:07,235 INFO o.a.j.JMeter: Version 5.6.3
2026-05-04 21:32:07,235 INFO o.a.j.JMeter: java.version=26
2026-05-04 21:32:07,235 INFO o.a.j.JMeter: java.vm.name=Java HotSpot(TM) 64-Bit Server VM
2026-05-04 21:32:07,235 INFO o.a.j.JMeter: os.name=Windows 11
2026-05-04 21:32:07,235 INFO o.a.j.JMeter: os.arch=amd64
2026-05-04 21:32:07,235 INFO o.a.j.JMeter: os.version=10.0
2026-05-04 21:32:07,235 INFO o.a.j.JMeter: file.encoding=UTF-8
2026-05-04 21:32:07,235 INFO o.a.j.JMeter: java.awt.headless=true
2026-05-04 21:32:07,235 INFO o.a.j.JMeter: Max memory     =1073741824
2026-05-04 21:32:07,235 INFO o.a.j.JMeter: Available Processors =12
2026-05-04 21:32:07,258 INFO o.a.j.JMeter: Default Locale=English (EN)
2026-05-04 21:32:07,258 INFO o.a.j.JMeter: JMeter  Locale=English (EN)
2026-05-04 21:32:07,258 INFO o.a.j.JMeter: JMeterHome=C:\Users\satap\OneDrive\Desktop\apache-jmeter-5.6.3
2026-05-04 21:32:07,258 INFO o.a.j.JMeter: user.dir  =C:\Work\aie494\Project
2026-05-04 21:32:07,258 INFO o.a.j.JMeter: PWD       =C:\Work\aie494\Project
2026-05-04 21:32:07,259 INFO o.a.j.JMeter: IP: 192.168.1.175 Name: MG-PT-SATAPOL FullName: MG-PT-SATAPOL
2026-05-04 21:32:07,270 INFO o.a.j.JMeter: Setting property 'jmeter.reportgenerator.outputdir' to:'C:\Work\aie494\Project\results\load_html'
2026-05-04 21:32:07,274 INFO o.a.j.s.FileServer: Default base='C:\Work\aie494\Project'
2026-05-04 21:32:07,275 INFO o.a.j.s.FileServer: Set new base='C:\Work\aie494\Project\tests\performance'
2026-05-04 21:32:07,583 INFO o.a.j.s.SaveService: Testplan (JMX) version: 2.2. Testlog (JTL) version: 2.2
2026-05-04 21:32:07,604 INFO o.a.j.s.SaveService: Using SaveService properties version 5.0
2026-05-04 21:32:07,606 INFO o.a.j.s.SaveService: Using SaveService properties file encoding UTF-8
2026-05-04 21:32:07,609 INFO o.a.j.s.SaveService: Loading file: tests\performance\load_test.jmx
2026-05-04 21:32:07,661 INFO o.a.j.p.h.s.HTTPSamplerBase: Parser for text/html is org.apache.jmeter.protocol.http.parser.LagartoBasedHtmlParser
2026-05-04 21:32:07,661 INFO o.a.j.p.h.s.HTTPSamplerBase: Parser for application/xhtml+xml is org.apache.jmeter.protocol.http.parser.LagartoBasedHtmlParser
2026-05-04 21:32:07,661 INFO o.a.j.p.h.s.HTTPSamplerBase: Parser for application/xml is org.apache.jmeter.protocol.http.parser.LagartoBasedHtmlParser
2026-05-04 21:32:07,661 INFO o.a.j.p.h.s.HTTPSamplerBase: Parser for text/xml is org.apache.jmeter.protocol.http.parser.LagartoBasedHtmlParser
2026-05-04 21:32:07,661 INFO o.a.j.p.h.s.HTTPSamplerBase: Parser for text/vnd.wap.wml is org.apache.jmeter.protocol.http.parser.RegexpHTMLParser
2026-05-04 21:32:07,661 INFO o.a.j.p.h.s.HTTPSamplerBase: Parser for text/css is org.apache.jmeter.protocol.http.parser.CssParser
2026-05-04 21:32:07,906 INFO o.a.j.JMeter: Creating summariser <summary>
2026-05-04 21:32:07,909 INFO o.a.j.r.d.ReportGenerator: ReportGenerator will use for Parsing the separator: ','
2026-05-04 21:32:07,909 INFO o.a.j.r.d.ReportGenerator: Will generate report at end of test from  results file: results/load.jtl
2026-05-04 21:32:07,909 INFO o.a.j.r.d.ReportGenerator: Reading report generator properties from: C:\Users\satap\OneDrive\Desktop\apache-jmeter-5.6.3\bin\reportgenerator.properties
2026-05-04 21:32:07,912 INFO o.a.j.r.d.ReportGenerator: Merging with JMeter properties
2026-05-04 21:32:07,916 INFO o.a.j.r.c.ReportGeneratorConfiguration: Property 'jmeter.reportgenerator.temp_dir' not found, using default value 'temp' instead.
2026-05-04 21:32:07,918 INFO o.a.j.r.c.ReportGeneratorConfiguration: Property 'jmeter.reportgenerator.apdex_per_transaction' not found, using default value 'null' instead.
2026-05-04 21:32:07,919 INFO o.a.j.r.c.ReportGeneratorConfiguration: apdex_per_transaction is empty, not APDEX per transaction customization
2026-05-04 21:32:07,919 INFO o.a.j.r.c.ReportGeneratorConfiguration: Property 'jmeter.reportgenerator.sample_filter' not found, using default value 'null' instead.
2026-05-04 21:32:07,919 INFO o.a.j.r.c.ReportGeneratorConfiguration: Property 'jmeter.reportgenerator.report_title' not found, using default value 'null' instead.
2026-05-04 21:32:07,919 INFO o.a.j.r.c.ReportGeneratorConfiguration: Property 'jmeter.reportgenerator.start_date' not found, using default value 'null' instead.
2026-05-04 21:32:07,919 INFO o.a.j.r.c.ReportGeneratorConfiguration: Property 'jmeter.reportgenerator.end_date' not found, using default value 'null' instead.
2026-05-04 21:32:07,919 INFO o.a.j.r.c.ReportGeneratorConfiguration: Property 'jmeter.reportgenerator.date_format' not found, using default value 'null' instead.
2026-05-04 21:32:07,919 INFO o.a.j.r.c.ReportGeneratorConfiguration: Will use date range start date: null, end date: null
2026-05-04 21:32:07,922 INFO o.a.j.r.c.ReportGeneratorConfiguration: Property 'jmeter.reportgenerator.graph.totalTPS.exclude_controllers' not found, using default value 'false' instead.
2026-05-04 21:32:07,922 INFO o.a.j.r.c.ReportGeneratorConfiguration: Property 'jmeter.reportgenerator.graph.activeThreadsOverTime.exclude_controllers' not found, using default value 'false' instead.
2026-05-04 21:32:07,922 INFO o.a.j.r.c.ReportGeneratorConfiguration: Property 'jmeter.reportgenerator.graph.timeVsThreads.exclude_controllers' not found, using default value 'false' instead.
2026-05-04 21:32:07,922 INFO o.a.j.r.c.ReportGeneratorConfiguration: Property 'jmeter.reportgenerator.graph.responseTimeDistribution.exclude_controllers' not found, using default value 'false' instead.
2026-05-04 21:32:07,922 INFO o.a.j.r.c.ReportGeneratorConfiguration: Property 'jmeter.reportgenerator.graph.transactionsPerSecond.exclude_controllers' not found, using default value 'false' instead.
2026-05-04 21:32:07,922 INFO o.a.j.r.c.ReportGeneratorConfiguration: Property 'jmeter.reportgenerator.graph.responseTimePercentiles.exclude_controllers' not found, using default value 'false' instead.
2026-05-04 21:32:07,923 INFO o.a.j.r.c.ReportGeneratorConfiguration: Property 'jmeter.reportgenerator.graph.responseTimePercentilesOverTime.exclude_controllers' not found, using default value 'false' instead.
2026-05-04 21:32:07,923 INFO o.a.j.r.c.ReportGeneratorConfiguration: Property 'jmeter.reportgenerator.graph.responseTimesOverTime.exclude_controllers' not found, using default value 'false' instead.
2026-05-04 21:32:07,924 INFO o.a.j.r.c.ReportGeneratorConfiguration: Property 'jmeter.reportgenerator.graph.connectTimeOverTime.exclude_controllers' not found, using default value 'false' instead.
2026-05-04 21:32:07,924 INFO o.a.j.r.c.ReportGeneratorConfiguration: Property 'jmeter.reportgenerator.graph.latenciesOverTime.exclude_controllers' not found, using default value 'false' instead.
2026-05-04 21:32:07,925 INFO o.a.j.r.c.ReportGeneratorConfiguration: Property 'jmeter.reportgenerator.exporter.json.filters_only_sample_series' not found, using default value 'true' instead.
2026-05-04 21:32:07,925 INFO o.a.j.r.c.ReportGeneratorConfiguration: Property 'jmeter.reportgenerator.exporter.json.series_filter' not found, using default value '' instead.
2026-05-04 21:32:07,925 INFO o.a.j.r.c.ReportGeneratorConfiguration: Property 'jmeter.reportgenerator.exporter.json.show_controllers_only' not found, using default value 'false' instead.
2026-05-04 21:32:07,925 INFO o.a.j.r.c.ReportGeneratorConfiguration: Property 'jmeter.reportgenerator.exporter.html.filters_only_sample_series' not found, using default value 'true' instead.
2026-05-04 21:32:07,926 INFO o.a.j.r.c.ReportGeneratorConfiguration: Property 'jmeter.reportgenerator.exporter.html.series_filter' not found, using default value '' instead.
2026-05-04 21:32:07,926 INFO o.a.j.r.c.ReportGeneratorConfiguration: Property 'jmeter.reportgenerator.exporter.html.show_controllers_only' not found, using default value 'false' instead.
2026-05-04 21:32:07,943 INFO o.a.j.e.StandardJMeterEngine: Running the test!
2026-05-04 21:32:07,944 INFO o.a.j.s.SampleEvent: List of sample_variables: []
2026-05-04 21:32:07,944 INFO o.a.j.s.SampleEvent: List of sample_variables: []
2026-05-04 21:32:07,951 INFO o.a.j.e.u.CompoundVariable: Note: Function class names must contain the string: '.functions.'
2026-05-04 21:32:07,951 INFO o.a.j.e.u.CompoundVariable: Note: Function class names must not contain the string: '.gui.'
2026-05-04 21:32:08,056 INFO o.a.j.JMeter: Running test (1777905128056)
2026-05-04 21:32:08,075 INFO o.a.j.e.StandardJMeterEngine: Starting ThreadGroup: 1 : [PHASE 2] LOCAL - Ramp-up 50 Users (Critical Point)
2026-05-04 21:32:08,075 INFO o.a.j.e.StandardJMeterEngine: Starting 50 threads for group [PHASE 2] LOCAL - Ramp-up 50 Users (Critical Point).
2026-05-04 21:32:08,075 INFO o.a.j.e.StandardJMeterEngine: Thread will continue on error
2026-05-04 21:32:08,075 INFO o.a.j.t.ThreadGroup: Starting thread group... number=1 threads=50 ramp-up=120 delayedStart=false
2026-05-04 21:32:08,091 INFO o.a.j.t.ThreadGroup: Started thread group number 1
2026-05-04 21:32:08,092 INFO o.a.j.e.StandardJMeterEngine: Waiting for thread group: [PHASE 2] LOCAL - Ramp-up 50 Users (Critical Point) to finish before starting next group
2026-05-04 21:32:38,076 INFO o.a.j.t.JMeterThread: Thread started: [PHASE 2] LOCAL - Ramp-up 50 Users (Critical Point) 1-1
2026-05-04 21:32:38,091 INFO o.a.j.p.h.s.HTTPHCAbstractImpl: Local host = MG-PT-SATAPOL
2026-05-04 21:32:38,095 INFO o.a.j.p.h.s.HTTPHC4Impl: HTTP request retry count = 0
2026-05-04 21:32:38,096 INFO o.a.j.s.SampleResult: Note: Sample TimeStamps are START times
2026-05-04 21:32:38,096 INFO o.a.j.s.SampleResult: sampleresult.default.encoding is set to UTF-8
2026-05-04 21:32:38,096 INFO o.a.j.s.SampleResult: sampleresult.useNanoTime=true
2026-05-04 21:32:38,096 INFO o.a.j.s.SampleResult: sampleresult.nanoThreadSleep=5000
2026-05-04 21:32:38,146 INFO o.a.j.s.FileServer: Stored: C:/Work/aie494/Project/tests/resources/car.jpeg
2026-05-04 21:32:40,477 INFO o.a.j.t.JMeterThread: Thread started: [PHASE 2] LOCAL - Ramp-up 50 Users (Critical Point) 1-2
2026-05-04 21:32:42,876 INFO o.a.j.t.JMeterThread: Thread started: [PHASE 2] LOCAL - Ramp-up 50 Users (Critical Point) 1-3
2026-05-04 21:32:45,277 INFO o.a.j.t.JMeterThread: Thread started: [PHASE 2] LOCAL - Ramp-up 50 Users (Critical Point) 1-4
2026-05-04 21:32:47,678 INFO o.a.j.t.JMeterThread: Thread started: [PHASE 2] LOCAL - Ramp-up 50 Users (Critical Point) 1-5
2026-05-04 21:32:50,076 INFO o.a.j.t.JMeterThread: Thread started: [PHASE 2] LOCAL - Ramp-up 50 Users (Critical Point) 1-6
2026-05-04 21:32:52,477 INFO o.a.j.t.JMeterThread: Thread started: [PHASE 2] LOCAL - Ramp-up 50 Users (Critical Point) 1-7
2026-05-04 21:32:54,876 INFO o.a.j.t.JMeterThread: Thread started: [PHASE 2] LOCAL - Ramp-up 50 Users (Critical Point) 1-8
2026-05-04 21:32:57,276 INFO o.a.j.t.JMeterThread: Thread started: [PHASE 2] LOCAL - Ramp-up 50 Users (Critical Point) 1-9
2026-05-04 21:32:59,675 INFO o.a.j.t.JMeterThread: Thread started: [PHASE 2] LOCAL - Ramp-up 50 Users (Critical Point) 1-10
2026-05-04 21:33:00,176 INFO o.a.j.r.Summariser: summary +    119 in 00:00:52 =    2.3/s Avg:   872 Min:   222 Max:  1809 Err:     0 (0.00%) Active: 10 Started: 10 Finished: 0
2026-05-04 21:33:02,076 INFO o.a.j.t.JMeterThread: Thread started: [PHASE 2] LOCAL - Ramp-up 50 Users (Critical Point) 1-11
2026-05-04 21:33:04,477 INFO o.a.j.t.JMeterThread: Thread started: [PHASE 2] LOCAL - Ramp-up 50 Users (Critical Point) 1-12
2026-05-04 21:33:06,876 INFO o.a.j.t.JMeterThread: Thread started: [PHASE 2] LOCAL - Ramp-up 50 Users (Critical Point) 1-13
2026-05-04 21:33:09,276 INFO o.a.j.t.JMeterThread: Thread started: [PHASE 2] LOCAL - Ramp-up 50 Users (Critical Point) 1-14
2026-05-04 21:33:11,677 INFO o.a.j.t.JMeterThread: Thread started: [PHASE 2] LOCAL - Ramp-up 50 Users (Critical Point) 1-15
2026-05-04 21:33:14,077 INFO o.a.j.t.JMeterThread: Thread started: [PHASE 2] LOCAL - Ramp-up 50 Users (Critical Point) 1-16
2026-05-04 21:33:16,476 INFO o.a.j.t.JMeterThread: Thread started: [PHASE 2] LOCAL - Ramp-up 50 Users (Critical Point) 1-17
2026-05-04 21:33:18,878 INFO o.a.j.t.JMeterThread: Thread started: [PHASE 2] LOCAL - Ramp-up 50 Users (Critical Point) 1-18
2026-05-04 21:33:21,277 INFO o.a.j.t.JMeterThread: Thread started: [PHASE 2] LOCAL - Ramp-up 50 Users (Critical Point) 1-19
2026-05-04 21:33:23,677 INFO o.a.j.t.JMeterThread: Thread started: [PHASE 2] LOCAL - Ramp-up 50 Users (Critical Point) 1-20
2026-05-04 21:33:26,077 INFO o.a.j.t.JMeterThread: Thread started: [PHASE 2] LOCAL - Ramp-up 50 Users (Critical Point) 1-21
2026-05-04 21:33:28,477 INFO o.a.j.t.JMeterThread: Thread started: [PHASE 2] LOCAL - Ramp-up 50 Users (Critical Point) 1-22
2026-05-04 21:33:30,055 INFO o.a.j.r.Summariser: summary +    170 in 00:00:30 =    5.7/s Avg:  2629 Min:  1336 Max:  3676 Err:     0 (0.00%) Active: 22 Started: 22 Finished: 0
2026-05-04 21:33:30,056 INFO o.a.j.r.Summariser: summary =    289 in 00:01:22 =    3.5/s Avg:  1906 Min:   222 Max:  3676 Err:     0 (0.00%)
2026-05-04 21:33:30,877 INFO o.a.j.t.JMeterThread: Thread started: [PHASE 2] LOCAL - Ramp-up 50 Users (Critical Point) 1-23
2026-05-04 21:33:33,276 INFO o.a.j.t.JMeterThread: Thread started: [PHASE 2] LOCAL - Ramp-up 50 Users (Critical Point) 1-24
2026-05-04 21:33:35,677 INFO o.a.j.t.JMeterThread: Thread started: [PHASE 2] LOCAL - Ramp-up 50 Users (Critical Point) 1-25
2026-05-04 21:33:38,077 INFO o.a.j.t.JMeterThread: Thread started: [PHASE 2] LOCAL - Ramp-up 50 Users (Critical Point) 1-26
2026-05-04 21:33:40,476 INFO o.a.j.t.JMeterThread: Thread started: [PHASE 2] LOCAL - Ramp-up 50 Users (Critical Point) 1-27
2026-05-04 21:33:42,878 INFO o.a.j.t.JMeterThread: Thread started: [PHASE 2] LOCAL - Ramp-up 50 Users (Critical Point) 1-28
2026-05-04 21:33:45,277 INFO o.a.j.t.JMeterThread: Thread started: [PHASE 2] LOCAL - Ramp-up 50 Users (Critical Point) 1-29
2026-05-04 21:33:47,677 INFO o.a.j.t.JMeterThread: Thread started: [PHASE 2] LOCAL - Ramp-up 50 Users (Critical Point) 1-30
2026-05-04 21:33:50,077 INFO o.a.j.t.JMeterThread: Thread started: [PHASE 2] LOCAL - Ramp-up 50 Users (Critical Point) 1-31
2026-05-04 21:33:52,476 INFO o.a.j.t.JMeterThread: Thread started: [PHASE 2] LOCAL - Ramp-up 50 Users (Critical Point) 1-32
2026-05-04 21:33:54,877 INFO o.a.j.t.JMeterThread: Thread started: [PHASE 2] LOCAL - Ramp-up 50 Users (Critical Point) 1-33
2026-05-04 21:33:57,275 INFO o.a.j.t.JMeterThread: Thread started: [PHASE 2] LOCAL - Ramp-up 50 Users (Critical Point) 1-34
2026-05-04 21:33:59,675 INFO o.a.j.t.JMeterThread: Thread started: [PHASE 2] LOCAL - Ramp-up 50 Users (Critical Point) 1-35
2026-05-04 21:34:00,220 INFO o.a.j.r.Summariser: summary +    174 in 00:00:30 =    5.8/s Avg:  4561 Min:  3251 Max:  5883 Err:     0 (0.00%) Active: 35 Started: 35 Finished: 0
2026-05-04 21:34:00,220 INFO o.a.j.r.Summariser: summary =    463 in 00:01:52 =    4.1/s Avg:  2904 Min:   222 Max:  5883 Err:     0 (0.00%)
2026-05-04 21:34:02,076 INFO o.a.j.t.JMeterThread: Thread started: [PHASE 2] LOCAL - Ramp-up 50 Users (Critical Point) 1-36
2026-05-04 21:34:04,477 INFO o.a.j.t.JMeterThread: Thread started: [PHASE 2] LOCAL - Ramp-up 50 Users (Critical Point) 1-37
2026-05-04 21:34:06,877 INFO o.a.j.t.JMeterThread: Thread started: [PHASE 2] LOCAL - Ramp-up 50 Users (Critical Point) 1-38
2026-05-04 21:34:09,275 INFO o.a.j.t.JMeterThread: Thread started: [PHASE 2] LOCAL - Ramp-up 50 Users (Critical Point) 1-39
2026-05-04 21:34:11,676 INFO o.a.j.t.JMeterThread: Thread started: [PHASE 2] LOCAL - Ramp-up 50 Users (Critical Point) 1-40
2026-05-04 21:34:14,077 INFO o.a.j.t.JMeterThread: Thread started: [PHASE 2] LOCAL - Ramp-up 50 Users (Critical Point) 1-41
2026-05-04 21:34:16,476 INFO o.a.j.t.JMeterThread: Thread started: [PHASE 2] LOCAL - Ramp-up 50 Users (Critical Point) 1-42
2026-05-04 21:34:18,877 INFO o.a.j.t.JMeterThread: Thread started: [PHASE 2] LOCAL - Ramp-up 50 Users (Critical Point) 1-43
2026-05-04 21:34:21,276 INFO o.a.j.t.JMeterThread: Thread started: [PHASE 2] LOCAL - Ramp-up 50 Users (Critical Point) 1-44
2026-05-04 21:34:23,676 INFO o.a.j.t.JMeterThread: Thread started: [PHASE 2] LOCAL - Ramp-up 50 Users (Critical Point) 1-45
2026-05-04 21:34:26,076 INFO o.a.j.t.JMeterThread: Thread started: [PHASE 2] LOCAL - Ramp-up 50 Users (Critical Point) 1-46
2026-05-04 21:34:28,476 INFO o.a.j.t.JMeterThread: Thread started: [PHASE 2] LOCAL - Ramp-up 50 Users (Critical Point) 1-47
2026-05-04 21:34:30,139 INFO o.a.j.r.Summariser: summary +    162 in 00:00:30 =    5.4/s Avg:  6970 Min:  5482 Max:  9472 Err:     9 (5.56%) Active: 47 Started: 47 Finished: 0
2026-05-04 21:34:30,140 INFO o.a.j.r.Summariser: summary =    625 in 00:02:22 =    4.4/s Avg:  3958 Min:   222 Max:  9472 Err:     9 (1.44%)
2026-05-04 21:34:30,877 INFO o.a.j.t.JMeterThread: Thread started: [PHASE 2] LOCAL - Ramp-up 50 Users (Critical Point) 1-48
2026-05-04 21:34:33,278 INFO o.a.j.t.JMeterThread: Thread started: [PHASE 2] LOCAL - Ramp-up 50 Users (Critical Point) 1-49
2026-05-04 21:34:35,677 INFO o.a.j.t.JMeterThread: Thread started: [PHASE 2] LOCAL - Ramp-up 50 Users (Critical Point) 1-50
2026-05-04 21:35:00,100 INFO o.a.j.r.Summariser: summary +    169 in 00:00:30 =    5.6/s Avg:  8621 Min:  7561 Max:  9771 Err:    34 (20.12%) Active: 50 Started: 50 Finished: 0
2026-05-04 21:35:00,101 INFO o.a.j.r.Summariser: summary =    794 in 00:02:52 =    4.6/s Avg:  4950 Min:   222 Max:  9771 Err:    43 (5.42%)
2026-05-04 21:35:30,047 INFO o.a.j.r.Summariser: summary +    170 in 00:00:30 =    5.7/s Avg:  8908 Min:  8159 Max:  9897 Err:    68 (40.00%) Active: 50 Started: 50 Finished: 0
2026-05-04 21:35:30,048 INFO o.a.j.r.Summariser: summary =    964 in 00:03:22 =    4.8/s Avg:  5648 Min:   222 Max:  9897 Err:   111 (11.51%)
2026-05-04 21:36:00,127 INFO o.a.j.r.Summariser: summary +    170 in 00:00:30 =    5.7/s Avg:  8850 Min:  8057 Max:  9657 Err:    58 (34.12%) Active: 50 Started: 50 Finished: 0
2026-05-04 21:36:00,128 INFO o.a.j.r.Summariser: summary =   1134 in 00:03:52 =    4.9/s Avg:  6128 Min:   222 Max:  9897 Err:   169 (14.90%)
2026-05-04 21:36:30,127 INFO o.a.j.r.Summariser: summary +    169 in 00:00:30 =    5.6/s Avg:  8873 Min:  8124 Max:  9433 Err:    60 (35.50%) Active: 50 Started: 50 Finished: 0
2026-05-04 21:36:30,128 INFO o.a.j.r.Summariser: summary =   1303 in 00:04:22 =    5.0/s Avg:  6484 Min:   222 Max:  9897 Err:   229 (17.57%)
2026-05-04 21:37:00,181 INFO o.a.j.r.Summariser: summary +    165 in 00:00:30 =    5.5/s Avg:  9012 Min:  8228 Max: 10009 Err:    87 (52.73%) Active: 50 Started: 50 Finished: 0
2026-05-04 21:37:00,181 INFO o.a.j.r.Summariser: summary =   1468 in 00:04:52 =    5.0/s Avg:  6769 Min:   222 Max: 10009 Err:   316 (21.53%)
2026-05-04 21:37:30,103 INFO o.a.j.r.Summariser: summary +    166 in 00:00:30 =    5.5/s Avg:  8934 Min:  8121 Max: 10151 Err:    74 (44.58%) Active: 50 Started: 50 Finished: 0
2026-05-04 21:37:30,104 INFO o.a.j.r.Summariser: summary =   1634 in 00:05:22 =    5.1/s Avg:  6989 Min:   222 Max: 10151 Err:   390 (23.87%)
2026-05-04 21:37:38,335 INFO o.a.j.t.JMeterThread: Stopping because end time detected by thread: [PHASE 2] LOCAL - Ramp-up 50 Users (Critical Point) 1-31
2026-05-04 21:37:38,335 INFO o.a.j.t.JMeterThread: Thread finished: [PHASE 2] LOCAL - Ramp-up 50 Users (Critical Point) 1-31
2026-05-04 21:37:38,439 INFO o.a.j.t.JMeterThread: Stopping because end time detected by thread: [PHASE 2] LOCAL - Ramp-up 50 Users (Critical Point) 1-32
2026-05-04 21:37:38,439 INFO o.a.j.t.JMeterThread: Thread finished: [PHASE 2] LOCAL - Ramp-up 50 Users (Critical Point) 1-32
2026-05-04 21:37:38,637 INFO o.a.j.t.JMeterThread: Stopping because end time detected by thread: [PHASE 2] LOCAL - Ramp-up 50 Users (Critical Point) 1-18
2026-05-04 21:37:38,637 INFO o.a.j.t.JMeterThread: Thread finished: [PHASE 2] LOCAL - Ramp-up 50 Users (Critical Point) 1-18
2026-05-04 21:37:38,766 INFO o.a.j.t.JMeterThread: Stopping because end time detected by thread: [PHASE 2] LOCAL - Ramp-up 50 Users (Critical Point) 1-38
2026-05-04 21:37:38,766 INFO o.a.j.t.JMeterThread: Thread finished: [PHASE 2] LOCAL - Ramp-up 50 Users (Critical Point) 1-38
2026-05-04 21:37:38,854 INFO o.a.j.t.JMeterThread: Stopping because end time detected by thread: [PHASE 2] LOCAL - Ramp-up 50 Users (Critical Point) 1-29
2026-05-04 21:37:38,856 INFO o.a.j.t.JMeterThread: Thread finished: [PHASE 2] LOCAL - Ramp-up 50 Users (Critical Point) 1-29
2026-05-04 21:37:39,123 INFO o.a.j.t.JMeterThread: Stopping because end time detected by thread: [PHASE 2] LOCAL - Ramp-up 50 Users (Critical Point) 1-39
2026-05-04 21:37:39,124 INFO o.a.j.t.JMeterThread: Thread finished: [PHASE 2] LOCAL - Ramp-up 50 Users (Critical Point) 1-39
2026-05-04 21:37:39,264 INFO o.a.j.t.JMeterThread: Stopping because end time detected by thread: [PHASE 2] LOCAL - Ramp-up 50 Users (Critical Point) 1-11
2026-05-04 21:37:39,264 INFO o.a.j.t.JMeterThread: Thread finished: [PHASE 2] LOCAL - Ramp-up 50 Users (Critical Point) 1-11
2026-05-04 21:37:39,684 INFO o.a.j.t.JMeterThread: Stopping because end time detected by thread: [PHASE 2] LOCAL - Ramp-up 50 Users (Critical Point) 1-26
2026-05-04 21:37:39,684 INFO o.a.j.t.JMeterThread: Thread finished: [PHASE 2] LOCAL - Ramp-up 50 Users (Critical Point) 1-26
2026-05-04 21:37:39,761 INFO o.a.j.t.JMeterThread: Stopping because end time detected by thread: [PHASE 2] LOCAL - Ramp-up 50 Users (Critical Point) 1-17
2026-05-04 21:37:39,761 INFO o.a.j.t.JMeterThread: Thread finished: [PHASE 2] LOCAL - Ramp-up 50 Users (Critical Point) 1-17
2026-05-04 21:37:39,860 INFO o.a.j.t.JMeterThread: Stopping because end time detected by thread: [PHASE 2] LOCAL - Ramp-up 50 Users (Critical Point) 1-2
2026-05-04 21:37:39,860 INFO o.a.j.t.JMeterThread: Thread finished: [PHASE 2] LOCAL - Ramp-up 50 Users (Critical Point) 1-2
2026-05-04 21:37:40,006 INFO o.a.j.t.JMeterThread: Stopping because end time detected by thread: [PHASE 2] LOCAL - Ramp-up 50 Users (Critical Point) 1-28
2026-05-04 21:37:40,006 INFO o.a.j.t.JMeterThread: Thread finished: [PHASE 2] LOCAL - Ramp-up 50 Users (Critical Point) 1-28
2026-05-04 21:37:40,158 INFO o.a.j.t.JMeterThread: Stopping because end time detected by thread: [PHASE 2] LOCAL - Ramp-up 50 Users (Critical Point) 1-34
2026-05-04 21:37:40,159 INFO o.a.j.t.JMeterThread: Thread finished: [PHASE 2] LOCAL - Ramp-up 50 Users (Critical Point) 1-34
2026-05-04 21:37:40,390 INFO o.a.j.t.JMeterThread: Stopping because end time detected by thread: [PHASE 2] LOCAL - Ramp-up 50 Users (Critical Point) 1-21
2026-05-04 21:37:40,391 INFO o.a.j.t.JMeterThread: Thread finished: [PHASE 2] LOCAL - Ramp-up 50 Users (Critical Point) 1-21
2026-05-04 21:37:40,613 INFO o.a.j.t.JMeterThread: Stopping because end time detected by thread: [PHASE 2] LOCAL - Ramp-up 50 Users (Critical Point) 1-49
2026-05-04 21:37:40,613 INFO o.a.j.t.JMeterThread: Thread finished: [PHASE 2] LOCAL - Ramp-up 50 Users (Critical Point) 1-49
2026-05-04 21:37:40,675 INFO o.a.j.t.JMeterThread: Stopping because end time detected by thread: [PHASE 2] LOCAL - Ramp-up 50 Users (Critical Point) 1-16
2026-05-04 21:37:40,675 INFO o.a.j.t.JMeterThread: Thread finished: [PHASE 2] LOCAL - Ramp-up 50 Users (Critical Point) 1-16
2026-05-04 21:37:40,821 INFO o.a.j.t.JMeterThread: Stopping because end time detected by thread: [PHASE 2] LOCAL - Ramp-up 50 Users (Critical Point) 1-15
2026-05-04 21:37:40,821 INFO o.a.j.t.JMeterThread: Thread finished: [PHASE 2] LOCAL - Ramp-up 50 Users (Critical Point) 1-15
2026-05-04 21:37:40,975 INFO o.a.j.t.JMeterThread: Stopping because end time detected by thread: [PHASE 2] LOCAL - Ramp-up 50 Users (Critical Point) 1-8
2026-05-04 21:37:40,975 INFO o.a.j.t.JMeterThread: Thread finished: [PHASE 2] LOCAL - Ramp-up 50 Users (Critical Point) 1-8
2026-05-04 21:37:41,133 INFO o.a.j.t.JMeterThread: Stopping because end time detected by thread: [PHASE 2] LOCAL - Ramp-up 50 Users (Critical Point) 1-25
2026-05-04 21:37:41,133 INFO o.a.j.t.JMeterThread: Thread finished: [PHASE 2] LOCAL - Ramp-up 50 Users (Critical Point) 1-25
2026-05-04 21:37:41,308 INFO o.a.j.t.JMeterThread: Stopping because end time detected by thread: [PHASE 2] LOCAL - Ramp-up 50 Users (Critical Point) 1-4
2026-05-04 21:37:41,308 INFO o.a.j.t.JMeterThread: Thread finished: [PHASE 2] LOCAL - Ramp-up 50 Users (Critical Point) 1-4
2026-05-04 21:37:41,587 INFO o.a.j.t.JMeterThread: Stopping because end time detected by thread: [PHASE 2] LOCAL - Ramp-up 50 Users (Critical Point) 1-46
2026-05-04 21:37:41,588 INFO o.a.j.t.JMeterThread: Thread finished: [PHASE 2] LOCAL - Ramp-up 50 Users (Critical Point) 1-46
2026-05-04 21:37:41,603 INFO o.a.j.t.JMeterThread: Stopping because end time detected by thread: [PHASE 2] LOCAL - Ramp-up 50 Users (Critical Point) 1-37
2026-05-04 21:37:41,603 INFO o.a.j.t.JMeterThread: Thread finished: [PHASE 2] LOCAL - Ramp-up 50 Users (Critical Point) 1-37
2026-05-04 21:37:41,781 INFO o.a.j.t.JMeterThread: Stopping because end time detected by thread: [PHASE 2] LOCAL - Ramp-up 50 Users (Critical Point) 1-42
2026-05-04 21:37:41,781 INFO o.a.j.t.JMeterThread: Thread finished: [PHASE 2] LOCAL - Ramp-up 50 Users (Critical Point) 1-42
2026-05-04 21:37:41,863 INFO o.a.j.t.JMeterThread: Stopping because end time detected by thread: [PHASE 2] LOCAL - Ramp-up 50 Users (Critical Point) 1-40
2026-05-04 21:37:41,863 INFO o.a.j.t.JMeterThread: Thread finished: [PHASE 2] LOCAL - Ramp-up 50 Users (Critical Point) 1-40
2026-05-04 21:37:42,321 INFO o.a.j.t.JMeterThread: Stopping because end time detected by thread: [PHASE 2] LOCAL - Ramp-up 50 Users (Critical Point) 1-23
2026-05-04 21:37:42,321 INFO o.a.j.t.JMeterThread: Thread finished: [PHASE 2] LOCAL - Ramp-up 50 Users (Critical Point) 1-23
2026-05-04 21:37:42,358 INFO o.a.j.t.JMeterThread: Stopping because end time detected by thread: [PHASE 2] LOCAL - Ramp-up 50 Users (Critical Point) 1-30
2026-05-04 21:37:42,359 INFO o.a.j.t.JMeterThread: Thread finished: [PHASE 2] LOCAL - Ramp-up 50 Users (Critical Point) 1-30
2026-05-04 21:37:42,553 INFO o.a.j.t.JMeterThread: Stopping because end time detected by thread: [PHASE 2] LOCAL - Ramp-up 50 Users (Critical Point) 1-10
2026-05-04 21:37:42,553 INFO o.a.j.t.JMeterThread: Stopping because end time detected by thread: [PHASE 2] LOCAL - Ramp-up 50 Users (Critical Point) 1-35
2026-05-04 21:37:42,554 INFO o.a.j.t.JMeterThread: Thread finished: [PHASE 2] LOCAL - Ramp-up 50 Users (Critical Point) 1-35
2026-05-04 21:37:42,554 INFO o.a.j.t.JMeterThread: Thread finished: [PHASE 2] LOCAL - Ramp-up 50 Users (Critical Point) 1-10
2026-05-04 21:37:42,810 INFO o.a.j.t.JMeterThread: Stopping because end time detected by thread: [PHASE 2] LOCAL - Ramp-up 50 Users (Critical Point) 1-7
2026-05-04 21:37:42,810 INFO o.a.j.t.JMeterThread: Thread finished: [PHASE 2] LOCAL - Ramp-up 50 Users (Critical Point) 1-7
2026-05-04 21:37:43,061 INFO o.a.j.t.JMeterThread: Stopping because end time detected by thread: [PHASE 2] LOCAL - Ramp-up 50 Users (Critical Point) 1-6
2026-05-04 21:37:43,061 INFO o.a.j.t.JMeterThread: Thread finished: [PHASE 2] LOCAL - Ramp-up 50 Users (Critical Point) 1-6
2026-05-04 21:37:43,264 INFO o.a.j.t.JMeterThread: Stopping because end time detected by thread: [PHASE 2] LOCAL - Ramp-up 50 Users (Critical Point) 1-20
2026-05-04 21:37:43,265 INFO o.a.j.t.JMeterThread: Thread finished: [PHASE 2] LOCAL - Ramp-up 50 Users (Critical Point) 1-20
2026-05-04 21:37:43,433 INFO o.a.j.t.JMeterThread: Stopping because end time detected by thread: [PHASE 2] LOCAL - Ramp-up 50 Users (Critical Point) 1-1
2026-05-04 21:37:43,433 INFO o.a.j.t.JMeterThread: Thread finished: [PHASE 2] LOCAL - Ramp-up 50 Users (Critical Point) 1-1
2026-05-04 21:37:43,465 INFO o.a.j.t.JMeterThread: Stopping because end time detected by thread: [PHASE 2] LOCAL - Ramp-up 50 Users (Critical Point) 1-47
2026-05-04 21:37:43,466 INFO o.a.j.t.JMeterThread: Thread finished: [PHASE 2] LOCAL - Ramp-up 50 Users (Critical Point) 1-47
2026-05-04 21:37:43,665 INFO o.a.j.t.JMeterThread: Stopping because end time detected by thread: [PHASE 2] LOCAL - Ramp-up 50 Users (Critical Point) 1-27
2026-05-04 21:37:43,665 INFO o.a.j.t.JMeterThread: Thread finished: [PHASE 2] LOCAL - Ramp-up 50 Users (Critical Point) 1-27
2026-05-04 21:37:43,802 INFO o.a.j.t.JMeterThread: Stopping because end time detected by thread: [PHASE 2] LOCAL - Ramp-up 50 Users (Critical Point) 1-24
2026-05-04 21:37:43,802 INFO o.a.j.t.JMeterThread: Thread finished: [PHASE 2] LOCAL - Ramp-up 50 Users (Critical Point) 1-24
2026-05-04 21:37:44,033 INFO o.a.j.t.JMeterThread: Stopping because end time detected by thread: [PHASE 2] LOCAL - Ramp-up 50 Users (Critical Point) 1-14
2026-05-04 21:37:44,033 INFO o.a.j.t.JMeterThread: Thread finished: [PHASE 2] LOCAL - Ramp-up 50 Users (Critical Point) 1-14
2026-05-04 21:37:44,219 INFO o.a.j.t.JMeterThread: Stopping because end time detected by thread: [PHASE 2] LOCAL - Ramp-up 50 Users (Critical Point) 1-3
2026-05-04 21:37:44,219 INFO o.a.j.t.JMeterThread: Thread finished: [PHASE 2] LOCAL - Ramp-up 50 Users (Critical Point) 1-3
2026-05-04 21:37:44,270 INFO o.a.j.t.JMeterThread: Stopping because end time detected by thread: [PHASE 2] LOCAL - Ramp-up 50 Users (Critical Point) 1-9
2026-05-04 21:37:44,270 INFO o.a.j.t.JMeterThread: Thread finished: [PHASE 2] LOCAL - Ramp-up 50 Users (Critical Point) 1-9
2026-05-04 21:37:44,472 INFO o.a.j.t.JMeterThread: Stopping because end time detected by thread: [PHASE 2] LOCAL - Ramp-up 50 Users (Critical Point) 1-50
2026-05-04 21:37:44,472 INFO o.a.j.t.JMeterThread: Thread finished: [PHASE 2] LOCAL - Ramp-up 50 Users (Critical Point) 1-50
2026-05-04 21:37:44,586 INFO o.a.j.t.JMeterThread: Stopping because end time detected by thread: [PHASE 2] LOCAL - Ramp-up 50 Users (Critical Point) 1-44
2026-05-04 21:37:44,586 INFO o.a.j.t.JMeterThread: Thread finished: [PHASE 2] LOCAL - Ramp-up 50 Users (Critical Point) 1-44
2026-05-04 21:37:44,733 INFO o.a.j.t.JMeterThread: Stopping because end time detected by thread: [PHASE 2] LOCAL - Ramp-up 50 Users (Critical Point) 1-48
2026-05-04 21:37:44,733 INFO o.a.j.t.JMeterThread: Thread finished: [PHASE 2] LOCAL - Ramp-up 50 Users (Critical Point) 1-48
2026-05-04 21:37:45,006 INFO o.a.j.t.JMeterThread: Stopping because end time detected by thread: [PHASE 2] LOCAL - Ramp-up 50 Users (Critical Point) 1-33
2026-05-04 21:37:45,007 INFO o.a.j.t.JMeterThread: Thread finished: [PHASE 2] LOCAL - Ramp-up 50 Users (Critical Point) 1-33
2026-05-04 21:37:45,112 INFO o.a.j.t.JMeterThread: Stopping because end time detected by thread: [PHASE 2] LOCAL - Ramp-up 50 Users (Critical Point) 1-5
2026-05-04 21:37:45,112 INFO o.a.j.t.JMeterThread: Thread finished: [PHASE 2] LOCAL - Ramp-up 50 Users (Critical Point) 1-5
2026-05-04 21:37:45,175 INFO o.a.j.t.JMeterThread: Stopping because end time detected by thread: [PHASE 2] LOCAL - Ramp-up 50 Users (Critical Point) 1-43
2026-05-04 21:37:45,176 INFO o.a.j.t.JMeterThread: Thread finished: [PHASE 2] LOCAL - Ramp-up 50 Users (Critical Point) 1-43
2026-05-04 21:37:45,420 INFO o.a.j.t.JMeterThread: Stopping because end time detected by thread: [PHASE 2] LOCAL - Ramp-up 50 Users (Critical Point) 1-19
2026-05-04 21:37:45,420 INFO o.a.j.t.JMeterThread: Thread finished: [PHASE 2] LOCAL - Ramp-up 50 Users (Critical Point) 1-19
2026-05-04 21:37:45,541 INFO o.a.j.t.JMeterThread: Stopping because end time detected by thread: [PHASE 2] LOCAL - Ramp-up 50 Users (Critical Point) 1-22
2026-05-04 21:37:45,541 INFO o.a.j.t.JMeterThread: Thread finished: [PHASE 2] LOCAL - Ramp-up 50 Users (Critical Point) 1-22
2026-05-04 21:37:45,746 INFO o.a.j.t.JMeterThread: Stopping because end time detected by thread: [PHASE 2] LOCAL - Ramp-up 50 Users (Critical Point) 1-12
2026-05-04 21:37:45,747 INFO o.a.j.t.JMeterThread: Thread finished: [PHASE 2] LOCAL - Ramp-up 50 Users (Critical Point) 1-12
2026-05-04 21:37:45,920 INFO o.a.j.t.JMeterThread: Stopping because end time detected by thread: [PHASE 2] LOCAL - Ramp-up 50 Users (Critical Point) 1-36
2026-05-04 21:37:45,920 INFO o.a.j.t.JMeterThread: Thread finished: [PHASE 2] LOCAL - Ramp-up 50 Users (Critical Point) 1-36
2026-05-04 21:37:45,992 INFO o.a.j.t.JMeterThread: Stopping because end time detected by thread: [PHASE 2] LOCAL - Ramp-up 50 Users (Critical Point) 1-41
2026-05-04 21:37:45,993 INFO o.a.j.t.JMeterThread: Thread finished: [PHASE 2] LOCAL - Ramp-up 50 Users (Critical Point) 1-41
2026-05-04 21:37:46,074 INFO o.a.j.t.JMeterThread: Stopping because end time detected by thread: [PHASE 2] LOCAL - Ramp-up 50 Users (Critical Point) 1-13
2026-05-04 21:37:46,075 INFO o.a.j.t.JMeterThread: Thread finished: [PHASE 2] LOCAL - Ramp-up 50 Users (Critical Point) 1-13
2026-05-04 21:37:46,231 INFO o.a.j.t.JMeterThread: Stopping because end time detected by thread: [PHASE 2] LOCAL - Ramp-up 50 Users (Critical Point) 1-45
2026-05-04 21:37:46,232 INFO o.a.j.t.JMeterThread: Thread finished: [PHASE 2] LOCAL - Ramp-up 50 Users (Critical Point) 1-45
2026-05-04 21:37:46,232 INFO o.a.j.e.StandardJMeterEngine: Starting ThreadGroup: 2 : [PHASE 3] CLOUD - Hugging Face Spaces 30 Users
2026-05-04 21:37:46,232 INFO o.a.j.e.StandardJMeterEngine: Starting 30 threads for group [PHASE 3] CLOUD - Hugging Face Spaces 30 Users.
2026-05-04 21:37:46,232 INFO o.a.j.e.StandardJMeterEngine: Thread will continue on error
2026-05-04 21:37:46,232 INFO o.a.j.t.ThreadGroup: Starting thread group... number=2 threads=30 ramp-up=60 delayedStart=false
2026-05-04 21:37:46,234 INFO o.a.j.t.JMeterThread: Thread started: [PHASE 3] CLOUD - Hugging Face Spaces 30 Users 2-1
2026-05-04 21:37:46,241 INFO o.a.j.t.ThreadGroup: Started thread group number 2
2026-05-04 21:37:46,241 INFO o.a.j.e.StandardJMeterEngine: All thread groups have been started
2026-05-04 21:37:46,291 INFO o.a.j.p.h.s.h.LazyLayeredConnectionSocketFactory: Setting up HTTPS TrustAll Socket Factory
2026-05-04 21:37:46,297 INFO o.a.j.u.JsseSSLManager: Using default SSL protocol: TLS
2026-05-04 21:37:46,297 INFO o.a.j.u.JsseSSLManager: SSL session context: per-thread
2026-05-04 21:37:46,656 INFO o.a.j.u.SSLManager: JmeterKeyStore Location:  type JKS
2026-05-04 21:37:46,661 INFO o.a.j.u.SSLManager: KeyStore created OK
2026-05-04 21:37:46,661 WARN o.a.j.u.SSLManager: Keystore file not found, loading empty keystore
2026-05-04 21:37:48,234 INFO o.a.j.t.JMeterThread: Thread started: [PHASE 3] CLOUD - Hugging Face Spaces 30 Users 2-2
2026-05-04 21:37:50,233 INFO o.a.j.t.JMeterThread: Thread started: [PHASE 3] CLOUD - Hugging Face Spaces 30 Users 2-3
2026-05-04 21:37:52,232 INFO o.a.j.t.JMeterThread: Thread started: [PHASE 3] CLOUD - Hugging Face Spaces 30 Users 2-4
2026-05-04 21:37:54,232 INFO o.a.j.t.JMeterThread: Thread started: [PHASE 3] CLOUD - Hugging Face Spaces 30 Users 2-5
2026-05-04 21:37:56,235 INFO o.a.j.t.JMeterThread: Thread started: [PHASE 3] CLOUD - Hugging Face Spaces 30 Users 2-6
2026-05-04 21:37:58,234 INFO o.a.j.t.JMeterThread: Thread started: [PHASE 3] CLOUD - Hugging Face Spaces 30 Users 2-7
2026-05-04 21:38:00,234 INFO o.a.j.t.JMeterThread: Thread started: [PHASE 3] CLOUD - Hugging Face Spaces 30 Users 2-8
2026-05-04 21:38:01,126 INFO o.a.j.r.Summariser: summary +     99 in 00:00:31 =    3.2/s Avg:  8990 Min:  7902 Max: 10180 Err:    50 (50.51%) Active: 8 Started: 58 Finished: 50
2026-05-04 21:38:01,127 INFO o.a.j.r.Summariser: summary =   1733 in 00:05:53 =    4.9/s Avg:  7103 Min:   222 Max: 10180 Err:   440 (25.39%)
2026-05-04 21:38:02,233 INFO o.a.j.t.JMeterThread: Thread started: [PHASE 3] CLOUD - Hugging Face Spaces 30 Users 2-9
2026-05-04 21:38:04,232 INFO o.a.j.t.JMeterThread: Thread started: [PHASE 3] CLOUD - Hugging Face Spaces 30 Users 2-10
2026-05-04 21:38:06,234 INFO o.a.j.t.JMeterThread: Thread started: [PHASE 3] CLOUD - Hugging Face Spaces 30 Users 2-11
2026-05-04 21:38:08,234 INFO o.a.j.t.JMeterThread: Thread started: [PHASE 3] CLOUD - Hugging Face Spaces 30 Users 2-12
2026-05-04 21:38:10,234 INFO o.a.j.t.JMeterThread: Thread started: [PHASE 3] CLOUD - Hugging Face Spaces 30 Users 2-13
2026-05-04 21:38:12,234 INFO o.a.j.t.JMeterThread: Thread started: [PHASE 3] CLOUD - Hugging Face Spaces 30 Users 2-14
2026-05-04 21:38:14,233 INFO o.a.j.t.JMeterThread: Thread started: [PHASE 3] CLOUD - Hugging Face Spaces 30 Users 2-15
2026-05-04 21:38:16,232 INFO o.a.j.t.JMeterThread: Thread started: [PHASE 3] CLOUD - Hugging Face Spaces 30 Users 2-16
2026-05-04 21:38:18,234 INFO o.a.j.t.JMeterThread: Thread started: [PHASE 3] CLOUD - Hugging Face Spaces 30 Users 2-17
2026-05-04 21:38:20,234 INFO o.a.j.t.JMeterThread: Thread started: [PHASE 3] CLOUD - Hugging Face Spaces 30 Users 2-18
2026-05-04 21:38:22,232 INFO o.a.j.t.JMeterThread: Thread started: [PHASE 3] CLOUD - Hugging Face Spaces 30 Users 2-19
2026-05-04 21:38:24,233 INFO o.a.j.t.JMeterThread: Thread started: [PHASE 3] CLOUD - Hugging Face Spaces 30 Users 2-20
2026-05-04 21:38:26,234 INFO o.a.j.t.JMeterThread: Thread started: [PHASE 3] CLOUD - Hugging Face Spaces 30 Users 2-21
2026-05-04 21:38:28,234 INFO o.a.j.t.JMeterThread: Thread started: [PHASE 3] CLOUD - Hugging Face Spaces 30 Users 2-22
2026-05-04 21:38:30,124 INFO o.a.j.r.Summariser: summary +     35 in 00:00:29 =    1.2/s Avg:  9739 Min:  7380 Max: 13891 Err:     0 (0.00%) Active: 22 Started: 72 Finished: 50
2026-05-04 21:38:30,125 INFO o.a.j.r.Summariser: summary =   1768 in 00:06:22 =    4.6/s Avg:  7155 Min:   222 Max: 13891 Err:   440 (24.89%)
2026-05-04 21:38:30,232 INFO o.a.j.t.JMeterThread: Thread started: [PHASE 3] CLOUD - Hugging Face Spaces 30 Users 2-23
2026-05-04 21:38:32,234 INFO o.a.j.t.JMeterThread: Thread started: [PHASE 3] CLOUD - Hugging Face Spaces 30 Users 2-24
2026-05-04 21:38:34,234 INFO o.a.j.t.JMeterThread: Thread started: [PHASE 3] CLOUD - Hugging Face Spaces 30 Users 2-25
2026-05-04 21:38:36,233 INFO o.a.j.t.JMeterThread: Thread started: [PHASE 3] CLOUD - Hugging Face Spaces 30 Users 2-26
2026-05-04 21:38:38,232 INFO o.a.j.t.JMeterThread: Thread started: [PHASE 3] CLOUD - Hugging Face Spaces 30 Users 2-27
2026-05-04 21:38:40,234 INFO o.a.j.t.JMeterThread: Thread started: [PHASE 3] CLOUD - Hugging Face Spaces 30 Users 2-28
2026-05-04 21:38:42,234 INFO o.a.j.t.JMeterThread: Thread started: [PHASE 3] CLOUD - Hugging Face Spaces 30 Users 2-29
2026-05-04 21:38:44,234 INFO o.a.j.t.JMeterThread: Thread started: [PHASE 3] CLOUD - Hugging Face Spaces 30 Users 2-30
2026-05-04 21:39:00,029 INFO o.a.j.r.Summariser: summary +     43 in 00:00:30 =    1.4/s Avg: 14806 Min: 11503 Max: 21796 Err:     1 (2.33%) Active: 30 Started: 80 Finished: 50
2026-05-04 21:39:00,030 INFO o.a.j.r.Summariser: summary =   1811 in 00:06:52 =    4.4/s Avg:  7337 Min:   222 Max: 21796 Err:   441 (24.35%)
2026-05-04 21:39:30,115 INFO o.a.j.r.Summariser: summary +     45 in 00:00:30 =    1.5/s Avg: 20784 Min: 18689 Max: 23465 Err:    36 (80.00%) Active: 30 Started: 80 Finished: 50
2026-05-04 21:39:30,115 INFO o.a.j.r.Summariser: summary =   1856 in 00:07:22 =    4.2/s Avg:  7663 Min:   222 Max: 23465 Err:   477 (25.70%)
2026-05-04 21:40:00,395 INFO o.a.j.r.Summariser: summary +     44 in 00:00:30 =    1.5/s Avg: 20575 Min: 18084 Max: 22375 Err:    28 (63.64%) Active: 30 Started: 80 Finished: 50
2026-05-04 21:40:00,396 INFO o.a.j.r.Summariser: summary =   1900 in 00:07:52 =    4.0/s Avg:  7962 Min:   222 Max: 23465 Err:   505 (26.58%)
2026-05-04 21:40:30,230 INFO o.a.j.r.Summariser: summary +     40 in 00:00:30 =    1.3/s Avg: 21859 Min: 20235 Max: 25422 Err:    40 (100.00%) Active: 30 Started: 80 Finished: 50
2026-05-04 21:40:30,230 INFO o.a.j.r.Summariser: summary =   1940 in 00:08:22 =    3.9/s Avg:  8248 Min:   222 Max: 25422 Err:   545 (28.09%)
2026-05-04 21:40:46,494 INFO o.a.j.t.JMeterThread: Stopping because end time detected by thread: [PHASE 3] CLOUD - Hugging Face Spaces 30 Users 2-28
2026-05-04 21:40:46,494 INFO o.a.j.t.JMeterThread: Thread finished: [PHASE 3] CLOUD - Hugging Face Spaces 30 Users 2-28
2026-05-04 21:40:46,990 INFO o.a.j.t.JMeterThread: Stopping because end time detected by thread: [PHASE 3] CLOUD - Hugging Face Spaces 30 Users 2-21
2026-05-04 21:40:46,990 INFO o.a.j.t.JMeterThread: Thread finished: [PHASE 3] CLOUD - Hugging Face Spaces 30 Users 2-21
2026-05-04 21:40:48,128 INFO o.a.j.t.JMeterThread: Stopping because end time detected by thread: [PHASE 3] CLOUD - Hugging Face Spaces 30 Users 2-4
2026-05-04 21:40:48,128 INFO o.a.j.t.JMeterThread: Thread finished: [PHASE 3] CLOUD - Hugging Face Spaces 30 Users 2-4
2026-05-04 21:40:49,183 INFO o.a.j.t.JMeterThread: Stopping because end time detected by thread: [PHASE 3] CLOUD - Hugging Face Spaces 30 Users 2-7
2026-05-04 21:40:49,184 INFO o.a.j.t.JMeterThread: Thread finished: [PHASE 3] CLOUD - Hugging Face Spaces 30 Users 2-7
2026-05-04 21:40:49,595 INFO o.a.j.t.JMeterThread: Stopping because end time detected by thread: [PHASE 3] CLOUD - Hugging Face Spaces 30 Users 2-16
2026-05-04 21:40:49,595 INFO o.a.j.t.JMeterThread: Thread finished: [PHASE 3] CLOUD - Hugging Face Spaces 30 Users 2-16
2026-05-04 21:40:50,293 INFO o.a.j.t.JMeterThread: Stopping because end time detected by thread: [PHASE 3] CLOUD - Hugging Face Spaces 30 Users 2-22
2026-05-04 21:40:50,293 INFO o.a.j.t.JMeterThread: Thread finished: [PHASE 3] CLOUD - Hugging Face Spaces 30 Users 2-22
2026-05-04 21:40:51,416 INFO o.a.j.t.JMeterThread: Stopping because end time detected by thread: [PHASE 3] CLOUD - Hugging Face Spaces 30 Users 2-8
2026-05-04 21:40:51,416 INFO o.a.j.t.JMeterThread: Thread finished: [PHASE 3] CLOUD - Hugging Face Spaces 30 Users 2-8
2026-05-04 21:40:51,730 INFO o.a.j.t.JMeterThread: Stopping because end time detected by thread: [PHASE 3] CLOUD - Hugging Face Spaces 30 Users 2-29
2026-05-04 21:40:51,730 INFO o.a.j.t.JMeterThread: Thread finished: [PHASE 3] CLOUD - Hugging Face Spaces 30 Users 2-29
2026-05-04 21:40:52,158 INFO o.a.j.t.JMeterThread: Stopping because end time detected by thread: [PHASE 3] CLOUD - Hugging Face Spaces 30 Users 2-23
2026-05-04 21:40:52,158 INFO o.a.j.t.JMeterThread: Thread finished: [PHASE 3] CLOUD - Hugging Face Spaces 30 Users 2-23
2026-05-04 21:40:53,892 INFO o.a.j.t.JMeterThread: Stopping because end time detected by thread: [PHASE 3] CLOUD - Hugging Face Spaces 30 Users 2-17
2026-05-04 21:40:53,892 INFO o.a.j.t.JMeterThread: Thread finished: [PHASE 3] CLOUD - Hugging Face Spaces 30 Users 2-17
2026-05-04 21:40:53,979 INFO o.a.j.t.JMeterThread: Stopping because end time detected by thread: [PHASE 3] CLOUD - Hugging Face Spaces 30 Users 2-1
2026-05-04 21:40:53,980 INFO o.a.j.t.JMeterThread: Thread finished: [PHASE 3] CLOUD - Hugging Face Spaces 30 Users 2-1
2026-05-04 21:40:54,192 INFO o.a.j.t.JMeterThread: Stopping because end time detected by thread: [PHASE 3] CLOUD - Hugging Face Spaces 30 Users 2-30
2026-05-04 21:40:54,192 INFO o.a.j.t.JMeterThread: Thread finished: [PHASE 3] CLOUD - Hugging Face Spaces 30 Users 2-30
2026-05-04 21:40:54,780 INFO o.a.j.t.JMeterThread: Stopping because end time detected by thread: [PHASE 3] CLOUD - Hugging Face Spaces 30 Users 2-24
2026-05-04 21:40:54,780 INFO o.a.j.t.JMeterThread: Thread finished: [PHASE 3] CLOUD - Hugging Face Spaces 30 Users 2-24
2026-05-04 21:40:56,289 INFO o.a.j.t.JMeterThread: Stopping because end time detected by thread: [PHASE 3] CLOUD - Hugging Face Spaces 30 Users 2-12
2026-05-04 21:40:56,289 INFO o.a.j.t.JMeterThread: Thread finished: [PHASE 3] CLOUD - Hugging Face Spaces 30 Users 2-12
2026-05-04 21:40:56,750 INFO o.a.j.t.JMeterThread: Stopping because end time detected by thread: [PHASE 3] CLOUD - Hugging Face Spaces 30 Users 2-5
2026-05-04 21:40:56,750 INFO o.a.j.t.JMeterThread: Thread finished: [PHASE 3] CLOUD - Hugging Face Spaces 30 Users 2-5
2026-05-04 21:40:56,994 INFO o.a.j.t.JMeterThread: Stopping because end time detected by thread: [PHASE 3] CLOUD - Hugging Face Spaces 30 Users 2-13
2026-05-04 21:40:56,994 INFO o.a.j.t.JMeterThread: Thread finished: [PHASE 3] CLOUD - Hugging Face Spaces 30 Users 2-13
2026-05-04 21:40:57,216 INFO o.a.j.t.JMeterThread: Stopping because end time detected by thread: [PHASE 3] CLOUD - Hugging Face Spaces 30 Users 2-2
2026-05-04 21:40:57,216 INFO o.a.j.t.JMeterThread: Thread finished: [PHASE 3] CLOUD - Hugging Face Spaces 30 Users 2-2
2026-05-04 21:40:58,560 INFO o.a.j.t.JMeterThread: Stopping because end time detected by thread: [PHASE 3] CLOUD - Hugging Face Spaces 30 Users 2-25
2026-05-04 21:40:58,560 INFO o.a.j.t.JMeterThread: Thread finished: [PHASE 3] CLOUD - Hugging Face Spaces 30 Users 2-25
2026-05-04 21:40:59,287 INFO o.a.j.t.JMeterThread: Stopping because end time detected by thread: [PHASE 3] CLOUD - Hugging Face Spaces 30 Users 2-26
2026-05-04 21:40:59,287 INFO o.a.j.t.JMeterThread: Thread finished: [PHASE 3] CLOUD - Hugging Face Spaces 30 Users 2-26
2026-05-04 21:40:59,537 INFO o.a.j.t.JMeterThread: Stopping because end time detected by thread: [PHASE 3] CLOUD - Hugging Face Spaces 30 Users 2-9
2026-05-04 21:40:59,537 INFO o.a.j.t.JMeterThread: Thread finished: [PHASE 3] CLOUD - Hugging Face Spaces 30 Users 2-9
2026-05-04 21:40:59,625 INFO o.a.j.t.JMeterThread: Stopping because end time detected by thread: [PHASE 3] CLOUD - Hugging Face Spaces 30 Users 2-18
2026-05-04 21:40:59,625 INFO o.a.j.t.JMeterThread: Thread finished: [PHASE 3] CLOUD - Hugging Face Spaces 30 Users 2-18
2026-05-04 21:41:00,940 INFO o.a.j.r.Summariser: summary +     43 in 00:00:31 =    1.4/s Avg: 22064 Min: 20188 Max: 24560 Err:    43 (100.00%) Active: 9 Started: 80 Finished: 71
2026-05-04 21:41:00,940 INFO o.a.j.r.Summariser: summary =   1983 in 00:08:53 =    3.7/s Avg:  8548 Min:   222 Max: 25422 Err:   588 (29.65%)
2026-05-04 21:41:00,940 INFO o.a.j.t.JMeterThread: Stopping because end time detected by thread: [PHASE 3] CLOUD - Hugging Face Spaces 30 Users 2-14
2026-05-04 21:41:00,940 INFO o.a.j.t.JMeterThread: Thread finished: [PHASE 3] CLOUD - Hugging Face Spaces 30 Users 2-14
2026-05-04 21:41:01,496 INFO o.a.j.t.JMeterThread: Stopping because end time detected by thread: [PHASE 3] CLOUD - Hugging Face Spaces 30 Users 2-10
2026-05-04 21:41:01,496 INFO o.a.j.t.JMeterThread: Thread finished: [PHASE 3] CLOUD - Hugging Face Spaces 30 Users 2-10
2026-05-04 21:41:01,921 INFO o.a.j.t.JMeterThread: Stopping because end time detected by thread: [PHASE 3] CLOUD - Hugging Face Spaces 30 Users 2-15
2026-05-04 21:41:01,921 INFO o.a.j.t.JMeterThread: Thread finished: [PHASE 3] CLOUD - Hugging Face Spaces 30 Users 2-15
2026-05-04 21:41:03,028 INFO o.a.j.t.JMeterThread: Stopping because end time detected by thread: [PHASE 3] CLOUD - Hugging Face Spaces 30 Users 2-19
2026-05-04 21:41:03,028 INFO o.a.j.t.JMeterThread: Thread finished: [PHASE 3] CLOUD - Hugging Face Spaces 30 Users 2-19
2026-05-04 21:41:03,672 INFO o.a.j.t.JMeterThread: Stopping because end time detected by thread: [PHASE 3] CLOUD - Hugging Face Spaces 30 Users 2-6
2026-05-04 21:41:03,672 INFO o.a.j.t.JMeterThread: Thread finished: [PHASE 3] CLOUD - Hugging Face Spaces 30 Users 2-6
2026-05-04 21:41:04,059 INFO o.a.j.t.JMeterThread: Stopping because end time detected by thread: [PHASE 3] CLOUD - Hugging Face Spaces 30 Users 2-3
2026-05-04 21:41:04,059 INFO o.a.j.t.JMeterThread: Thread finished: [PHASE 3] CLOUD - Hugging Face Spaces 30 Users 2-3
2026-05-04 21:41:04,899 INFO o.a.j.t.JMeterThread: Stopping because end time detected by thread: [PHASE 3] CLOUD - Hugging Face Spaces 30 Users 2-20
2026-05-04 21:41:04,899 INFO o.a.j.t.JMeterThread: Thread finished: [PHASE 3] CLOUD - Hugging Face Spaces 30 Users 2-20
2026-05-04 21:41:05,745 INFO o.a.j.t.JMeterThread: Stopping because end time detected by thread: [PHASE 3] CLOUD - Hugging Face Spaces 30 Users 2-27
2026-05-04 21:41:05,745 INFO o.a.j.t.JMeterThread: Thread finished: [PHASE 3] CLOUD - Hugging Face Spaces 30 Users 2-27
2026-05-04 21:41:05,746 INFO o.a.j.t.JMeterThread: Stopping because end time detected by thread: [PHASE 3] CLOUD - Hugging Face Spaces 30 Users 2-11
2026-05-04 21:41:05,746 INFO o.a.j.t.JMeterThread: Thread finished: [PHASE 3] CLOUD - Hugging Face Spaces 30 Users 2-11
2026-05-04 21:41:05,746 INFO o.a.j.e.StandardJMeterEngine: Notifying test listeners of end of test
2026-05-04 21:41:05,748 INFO o.a.j.r.Summariser: summary +      8 in 00:00:05 =    1.7/s Avg: 20556 Min: 19667 Max: 21817 Err:     6 (75.00%) Active: 0 Started: 80 Finished: 80
2026-05-04 21:41:05,748 INFO o.a.j.r.Summariser: summary =   1991 in 00:08:58 =    3.7/s Avg:  8596 Min:   222 Max: 25422 Err:   594 (29.83%)
2026-05-04 21:41:05,749 INFO o.a.j.JMeter: Generating Dashboard
2026-05-04 21:41:05,749 INFO o.a.j.r.d.ReportGenerator: Flushing result collector before report Generation
2026-05-04 21:41:05,761 INFO o.a.j.r.p.NormalizerSampleConsumer: Using format, 'ms', to parse timeStamp field
2026-05-04 21:41:05,909 INFO o.a.j.r.p.AbstractSampleConsumer: class org.apache.jmeter.report.processor.AggregateConsumer#stopProducing(): beginDate produced 0 samples
2026-05-04 21:41:05,909 INFO o.a.j.r.p.AbstractSampleConsumer: class org.apache.jmeter.report.processor.AggregateConsumer#stopProducing(): endDate produced 0 samples
2026-05-04 21:41:05,911 INFO o.a.j.r.p.AbstractSampleConsumer: class org.apache.jmeter.report.processor.ApdexSummaryConsumer#stopProducing(): apdexSummary produced 0 samples
2026-05-04 21:41:05,911 INFO o.a.j.r.p.AbstractSampleConsumer: class org.apache.jmeter.report.processor.RequestsSummaryConsumer#stopProducing(): requestsSummary produced 0 samples
2026-05-04 21:41:05,918 INFO o.a.j.r.p.AbstractSampleConsumer: class org.apache.jmeter.report.processor.StatisticsSummaryConsumer#stopProducing(): statisticsSummary produced 0 samples
2026-05-04 21:41:05,920 INFO o.a.j.r.p.AbstractSampleConsumer: class org.apache.jmeter.report.processor.Top5ErrorsBySamplerConsumer#stopProducing(): top5ErrorsBySampler produced 0 samples
2026-05-04 21:41:05,920 INFO o.a.j.r.p.AbstractSampleConsumer: class org.apache.jmeter.report.processor.ErrorsSummaryConsumer#stopProducing(): errorsSummary produced 0 samples
2026-05-04 21:41:05,920 INFO o.a.j.r.p.AbstractSampleConsumer: class org.apache.jmeter.report.processor.graph.impl.HitsPerSecondGraphConsumer#stopProducing(): hitsPerSecond produced 0 samples
2026-05-04 21:41:05,987 INFO o.a.j.r.p.AbstractSampleConsumer: class org.apache.jmeter.report.processor.graph.impl.LatencyVSRequestGraphConsumer#stopProducing(): latencyVsRequest produced 0 samples
2026-05-04 21:41:05,988 INFO o.a.j.r.p.AbstractSampleConsumer: class org.apache.jmeter.report.processor.graph.impl.SyntheticResponseTimeDistributionGraphConsumer#stopProducing(): syntheticResponseTimeDistribution produced 0 samples
2026-05-04 21:41:05,989 INFO o.a.j.r.p.AbstractSampleConsumer: class org.apache.jmeter.report.processor.graph.impl.BytesThroughputGraphConsumer#stopProducing(): bytesThroughputOverTime produced 0 samples
2026-05-04 21:41:05,989 INFO o.a.j.r.p.AbstractSampleConsumer: class org.apache.jmeter.report.processor.graph.impl.CodesPerSecondGraphConsumer#stopProducing(): codesPerSecond produced 0 samples
2026-05-04 21:41:06,013 INFO o.a.j.r.p.AbstractSampleConsumer: class org.apache.jmeter.report.processor.graph.impl.ResponseTimeVSRequestGraphConsumer#stopProducing(): responseTimeVsRequest produced 0 samples
2026-05-04 21:41:06,013 INFO o.a.j.r.p.AbstractSampleConsumer: class org.apache.jmeter.report.processor.FilterConsumer#stopProducing(): startIntervalControlerFilter produced 13937 samples
2026-05-04 21:41:06,013 INFO o.a.j.r.p.AbstractSampleConsumer: class org.apache.jmeter.report.processor.graph.impl.TotalTPSGraphConsumer#stopProducing(): totalTPS produced 0 samples
2026-05-04 21:41:06,014 INFO o.a.j.r.p.AbstractSampleConsumer: class org.apache.jmeter.report.processor.graph.impl.ActiveThreadsGraphConsumer#stopProducing(): activeThreadsOverTime produced 0 samples
2026-05-04 21:41:06,014 INFO o.a.j.r.p.AbstractSampleConsumer: class org.apache.jmeter.report.processor.graph.impl.TimeVSThreadGraphConsumer#stopProducing(): timeVsThreads produced 0 samples
2026-05-04 21:41:06,014 INFO o.a.j.r.p.AbstractSampleConsumer: class org.apache.jmeter.report.processor.graph.impl.ResponseTimeDistributionGraphConsumer#stopProducing(): responseTimeDistribution produced 0 samples
2026-05-04 21:41:06,014 INFO o.a.j.r.p.AbstractSampleConsumer: class org.apache.jmeter.report.processor.graph.impl.TransactionsPerSecondGraphConsumer#stopProducing(): transactionsPerSecond produced 0 samples
2026-05-04 21:41:06,014 INFO o.a.j.r.p.AbstractSampleConsumer: class org.apache.jmeter.report.processor.graph.impl.ResponseTimePercentilesGraphConsumer#stopProducing(): responseTimePercentiles produced 0 samples
2026-05-04 21:41:06,020 INFO o.a.j.r.p.AbstractSampleConsumer: class org.apache.jmeter.report.processor.graph.impl.ResponseTimePercentilesOverTimeGraphConsumer#stopProducing(): responseTimePercentilesOverTime produced 0 samples
2026-05-04 21:41:06,021 INFO o.a.j.r.p.AbstractSampleConsumer: class org.apache.jmeter.report.processor.graph.impl.ResponseTimeOverTimeGraphConsumer#stopProducing(): responseTimesOverTime produced 0 samples
2026-05-04 21:41:06,021 INFO o.a.j.r.p.AbstractSampleConsumer: class org.apache.jmeter.report.processor.graph.impl.ConnectTimeOverTimeGraphConsumer#stopProducing(): connectTimeOverTime produced 0 samples
2026-05-04 21:41:06,021 INFO o.a.j.r.p.AbstractSampleConsumer: class org.apache.jmeter.report.processor.graph.impl.LatencyOverTimeGraphConsumer#stopProducing(): latenciesOverTime produced 0 samples
2026-05-04 21:41:06,022 INFO o.a.j.r.p.AbstractSampleConsumer: class org.apache.jmeter.report.processor.FilterConsumer#stopProducing(): nameFilter produced 29865 samples
2026-05-04 21:41:06,022 INFO o.a.j.r.p.AbstractSampleConsumer: class org.apache.jmeter.report.processor.FilterConsumer#stopProducing(): dateRangeFilter produced 5973 samples
2026-05-04 21:41:06,022 INFO o.a.j.r.p.AbstractSampleConsumer: class org.apache.jmeter.report.processor.NormalizerSampleConsumer#stopProducing(): normalizer produced 1991 samples
2026-05-04 21:41:06,023 INFO o.a.j.r.p.CsvFileSampleSource: produce(): 1991 samples produced in 234ms on channel 0
2026-05-04 21:41:06,023 INFO o.a.j.r.d.ReportGenerator: Exporting data using exporter:'json' of className:'org.apache.jmeter.report.dashboard.JsonExporter'
2026-05-04 21:41:06,095 INFO o.a.j.r.d.JsonExporter: Found data for consumer statisticsSummary in context
2026-05-04 21:41:06,095 INFO o.a.j.r.d.JsonExporter: Creating statistics for overall
2026-05-04 21:41:06,095 INFO o.a.j.r.d.JsonExporter: Creating statistics for other transactions
2026-05-04 21:41:06,097 INFO o.a.j.r.d.JsonExporter: Checking output folder
2026-05-04 21:41:06,097 INFO o.a.j.r.d.JsonExporter: Writing statistics JSON to C:\Work\aie494\Project\results\load_html\statistics.json
2026-05-04 21:41:06,140 INFO o.a.j.r.d.ReportGenerator: Exporting data using exporter:'html' of className:'org.apache.jmeter.report.dashboard.HtmlTemplateExporter'
2026-05-04 21:41:06,142 INFO o.a.j.r.d.HtmlTemplateExporter: Will generate dashboard in folder: C:\Work\aie494\Project\results\load_html
2026-05-04 21:41:06,240 INFO o.a.j.r.d.HtmlTemplateExporter: Report will be generated in: C:\Work\aie494\Project\results\load_html, creating folder structure
2026-05-04 21:41:06,244 INFO o.a.j.r.d.TemplateVisitor: Copying folder from 'C:\Users\satap\OneDrive\Desktop\apache-jmeter-5.6.3\bin\report-template' to 'C:\Work\aie494\Project\results\load_html', got message: C:\Work\aie494\Project\results\load_html, found non empty folder with following content [C:\Work\aie494\Project\results\load_html\statistics.json], will be ignored
2026-05-04 21:41:06,846 INFO o.a.j.JMeter: Dashboard generated
